<?xml version="1.0" encoding="UTF-8"?>
<testng-results ignored="0" total="1" passed="1" failed="0" skipped="0">
  <reporter-output>
  </reporter-output>
  <suite started-at="2023-02-08T00:08:43 IST" name="Surefire suite" finished-at="2023-02-08T00:08:45 IST" duration-ms="1983">
    <groups>
    </groups>
    <test started-at="2023-02-08T00:08:43 IST" name="Surefire test" finished-at="2023-02-08T00:08:45 IST" duration-ms="1983">
      <class name="com.mavenproject.com.mavenproject.AppTest">
        <test-method signature="shouldAnswerWithTrue()" started-at="2023-02-08T00:08:44 IST" name="shouldAnswerWithTrue" finished-at="2023-02-08T00:08:45 IST" duration-ms="161" status="PASS">
          <reporter-output>
          </reporter-output>
        </test-method> <!-- shouldAnswerWithTrue -->
      </class> <!-- com.mavenproject.com.mavenproject.AppTest -->
    </test> <!-- Surefire test -->
  </suite> <!-- Surefire suite -->
</testng-results>
